#
# A fatal error has been detected by the Java Runtime Environment:
#
#  EXCEPTION_ACCESS_VIOLATION (0xc0000005) at pc=0x6f697461, pid=8524, tid=10084
#
# JRE version: 7.0-b147
# Java VM: Java HotSpot(TM) Client VM (21.0-b17 mixed mode, sharing windows-x86 )
# Problematic frame:
# C  0x6f697461
#
# Failed to write core dump. Minidumps are not enabled by default on client versions of Windows
#
# If you would like to submit a bug report, please visit:
#   http://bugreport.sun.com/bugreport/crash.jsp
# The crash happened outside the Java Virtual Machine in native code.
# See problematic frame for where to report the bug.
#

---------------  T H R E A D  ---------------

Current thread (0x04b12000):  JavaThread "Thread-3" [_thread_in_native, id=10084, stack(0x079d0000,0x07a20000)]

siginfo: ExceptionCode=0xc0000005, reading address 0x6f697461

Registers:
EAX=0x6120726f, EBX=0x61521ee0, ECX=0x777a5494, EDX=0x6120726f
ESP=0x07a1f460, EBP=0x63696c70, ESI=0x34805868, EDI=0x04b12000
EIP=0x6f697461, EFLAGS=0x00010212

Top of Stack: (sp=0x07a1f460)
0x07a1f460:   6572206e 73657571 0a0d2e74 0000000a
0x07a1f470:   0eb90000 77d5f921 77706cc2 000003ec
0x07a1f480:   00000428 00000000 77d5f9f2 7779c455
0x07a1f490:   00000428 00000000 07a1f4b8 77706d00
0x07a1f4a0:   00000428 04b12000 34805868 61521ee0
0x07a1f4b0:   00000000 00000004 07a1f738 10005169
0x07a1f4c0:   000003ec 07a1f734 07a1f748 10005169
0x07a1f4d0:   000003ec 07a1f744 00000000 00000000 

Instructions: (pc=0x6f697461)
0x6f697441:   
[error occurred during error reporting (printing registers, top of stack, instructions near pc), id 0xc0000005]

Register to memory mapping:

EAX=0x6120726f is an unknown value
EBX=0x61521ee0 is an unknown value
ECX=0x777a5494 is an unknown value
EDX=0x6120726f is an unknown value
ESP=0x07a1f460 is pointing into the stack for thread: 0x04b12000
EBP=0x63696c70 is an unknown value
ESI=0x34805868 is an oop
{method} 
 - klass: {other class}
EDI=0x04b12000 is a thread


Stack: [0x079d0000,0x07a20000],  sp=0x07a1f460,  free space=317k
Native frames: (J=compiled Java code, j=interpreted, Vv=VM code, C=native code)
C  0x6f697461

Java frames: (J=compiled Java code, j=interpreted, Vv=VM code)
j  gnu.io.RXTXPort.eventLoop()V+0
j  gnu.io.RXTXPort$MonitorThread.run()V+12
v  ~StubRoutines::call_stub

---------------  P R O C E S S  ---------------

Java Threads: ( => current thread )
=>0x04b12000 JavaThread "Thread-3" [_thread_in_native, id=10084, stack(0x079d0000,0x07a20000)]
  0x04b03000 JavaThread "TimerQueue" daemon [_thread_blocked, id=10144, stack(0x07440000,0x07490000)]
  0x021be800 JavaThread "DestroyJavaVM" [_thread_blocked, id=10004, stack(0x02150000,0x021a0000)]
  0x04aaf000 JavaThread "AWT-EventQueue-0" [_thread_blocked, id=10072, stack(0x04d80000,0x04dd0000)]
  0x04a56000 JavaThread "AWT-Windows" daemon [_thread_in_native, id=10116, stack(0x04de0000,0x04e30000)]
  0x04a55400 JavaThread "AWT-Shutdown" [_thread_blocked, id=10068, stack(0x04850000,0x048a0000)]
  0x04a52800 JavaThread "Java2D Disposer" daemon [_thread_blocked, id=10036, stack(0x04cf0000,0x04d40000)]
  0x02271c00 JavaThread "Service Thread" daemon [_thread_blocked, id=1492, stack(0x048f0000,0x04940000)]
  0x0226d000 JavaThread "C1 CompilerThread0" daemon [_thread_blocked, id=9920, stack(0x044f0000,0x04540000)]
  0x0226b800 JavaThread "Attach Listener" daemon [_thread_blocked, id=9912, stack(0x04740000,0x04790000)]
  0x02268800 JavaThread "Signal Dispatcher" daemon [_thread_blocked, id=9908, stack(0x047c0000,0x04810000)]
  0x0225d400 JavaThread "Finalizer" daemon [_thread_blocked, id=9892, stack(0x04440000,0x04490000)]
  0x02258400 JavaThread "Reference Handler" daemon [_thread_blocked, id=9004, stack(0x045f0000,0x04640000)]

Other Threads:
  0x02256400 VMThread [stack: 0x042e0000,0x04330000] [id=9904]
  0x02293400 WatcherThread [stack: 0x049d0000,0x04a20000] [id=9952]

VM state:not at safepoint (normal execution)

VM Mutex/Monitor currently owned by a thread: None

Heap
 def new generation   total 4928K, used 1256K [0x247a0000, 0x24cf0000, 0x29cf0000)
  eden space 4416K,  16% used [0x247a0000, 0x2485a050, 0x24bf0000)
  from space 512K, 100% used [0x24c70000, 0x24cf0000, 0x24cf0000)
  to   space 512K,   0% used [0x24bf0000, 0x24bf0000, 0x24c70000)
 tenured generation   total 10944K, used 2036K [0x29cf0000, 0x2a7a0000, 0x347a0000)
   the space 10944K,  18% used [0x29cf0000, 0x29eed3e0, 0x29eed400, 0x2a7a0000)
 compacting perm gen  total 12288K, used 999K [0x347a0000, 0x353a0000, 0x387a0000)
   the space 12288K,   8% used [0x347a0000, 0x34899f98, 0x3489a000, 0x353a0000)
    ro space 10240K,  42% used [0x387a0000, 0x38bdc660, 0x38bdc800, 0x391a0000)
    rw space 12288K,  53% used [0x391a0000, 0x39818180, 0x39818200, 0x39da0000)

Code Cache  [0x022a0000, 0x02358000, 0x042a0000)
 total_blobs=409 nmethods=192 adapters=150 free_code_cache=32040Kb largest_free_block=32808960

Dynamic libraries:
0x000e0000 - 0x0010f000 	C:\Users\Tapan108\Documents\University Related\Second Year\First Semester\eclipse\jre\bin\javaw.exe
0x77d40000 - 0x77ec0000 	C:\Windows\SysWOW64\ntdll.dll
0x77670000 - 0x77780000 	C:\Windows\syswow64\kernel32.dll
0x77790000 - 0x777d7000 	C:\Windows\syswow64\KERNELBASE.dll
0x75800000 - 0x758a0000 	C:\Windows\syswow64\ADVAPI32.dll
0x77020000 - 0x770cc000 	C:\Windows\syswow64\msvcrt.dll
0x773c0000 - 0x773d9000 	C:\Windows\SysWOW64\sechost.dll
0x76d10000 - 0x76e00000 	C:\Windows\syswow64\RPCRT4.dll
0x75790000 - 0x757f0000 	C:\Windows\syswow64\SspiCli.dll
0x75780000 - 0x7578c000 	C:\Windows\syswow64\CRYPTBASE.dll
0x76e90000 - 0x76f90000 	C:\Windows\syswow64\USER32.dll
0x773e0000 - 0x77470000 	C:\Windows\syswow64\GDI32.dll
0x77d10000 - 0x77d1a000 	C:\Windows\syswow64\LPK.dll
0x77200000 - 0x7729d000 	C:\Windows\syswow64\USP10.dll
0x72a70000 - 0x72c0e000 	C:\Windows\WinSxS\x86_microsoft.windows.common-controls_6595b64144ccf1df_6.0.7601.17514_none_41e6975e2bd6f2b2\COMCTL32.dll
0x76fb0000 - 0x77007000 	C:\Windows\syswow64\SHLWAPI.dll
0x772a0000 - 0x77300000 	C:\Windows\system32\IMM32.DLL
0x777e0000 - 0x778ac000 	C:\Windows\syswow64\MSCTF.dll
0x5fa50000 - 0x5fb0e000 	C:\Users\Tapan108\Documents\University Related\Second Year\First Semester\eclipse\jre\bin\msvcr100.dll
0x61480000 - 0x617a1000 	C:\Users\Tapan108\Documents\University Related\Second Year\First Semester\eclipse\jre\bin\client\jvm.dll
0x754b0000 - 0x754b7000 	C:\Windows\system32\WSOCK32.dll
0x76cd0000 - 0x76d05000 	C:\Windows\syswow64\WS2_32.dll
0x76a20000 - 0x76a26000 	C:\Windows\syswow64\NSI.dll
0x75330000 - 0x75362000 	C:\Windows\system32\WINMM.dll
0x76fa0000 - 0x76fa5000 	C:\Windows\syswow64\PSAPI.DLL
0x75560000 - 0x7556c000 	C:\Users\Tapan108\Documents\University Related\Second Year\First Semester\eclipse\jre\bin\verify.dll
0x6fe00000 - 0x6fe20000 	C:\Users\Tapan108\Documents\University Related\Second Year\First Semester\eclipse\jre\bin\java.dll
0x72800000 - 0x72813000 	C:\Users\Tapan108\Documents\University Related\Second Year\First Semester\eclipse\jre\bin\zip.dll
0x5f900000 - 0x5fa42000 	C:\Users\Tapan108\Documents\University Related\Second Year\First Semester\eclipse\jre\bin\awt.dll
0x778b0000 - 0x7793f000 	C:\Windows\syswow64\OLEAUT32.dll
0x76af0000 - 0x76c4c000 	C:\Windows\syswow64\ole32.dll
0x72f80000 - 0x72f93000 	C:\Windows\system32\DWMAPI.DLL
0x72fa0000 - 0x73020000 	C:\Windows\system32\uxtheme.dll
0x758f0000 - 0x7653a000 	C:\Windows\syswow64\SHELL32.dll
0x10000000 - 0x10012000 	C:\Users\Tapan108\Documents\University Related\Second Year\First Semester\eclipse\jre\bin\rxtxSerial.dll
0x6c240000 - 0x6c267000 	C:\Windows\system32\crtdll.dll
0x60370000 - 0x6039a000 	C:\Users\Tapan108\Documents\University Related\Second Year\First Semester\eclipse\jre\bin\fontmanager.dll
0x6fdc0000 - 0x6fdd4000 	C:\Users\Tapan108\Documents\University Related\Second Year\First Semester\eclipse\jre\bin\net.dll
0x74d90000 - 0x74dcc000 	C:\Windows\system32\mswsock.dll
0x75620000 - 0x75626000 	C:\Windows\System32\wship6.dll
0x75590000 - 0x7559f000 	C:\Users\Tapan108\Documents\University Related\Second Year\First Semester\eclipse\jre\bin\nio.dll
0x5fbd0000 - 0x5fc01000 	C:\Users\Tapan108\Documents\University Related\Second Year\First Semester\eclipse\jre\bin\t2k.dll
0x76a60000 - 0x76ae3000 	C:\Windows\syswow64\CLBCatQ.DLL
0x72690000 - 0x727c0000 	C:\Windows\system32\WindowsCodecs.dll
0x74030000 - 0x7407c000 	C:\Windows\system32\apphelp.dll
0x04330000 - 0x04352000 	C:\Users\Tapan108\AppData\Roaming\Dropbox\bin\DropboxExt.19.dll
0x71e70000 - 0x71f5b000 	C:\Windows\system32\dbghelp.dll
0x73960000 - 0x739ee000 	C:\Windows\WinSxS\x86_microsoft.vc90.crt_1fc8b3b9a1e18e3b_9.0.30729.6161_none_50934f2ebcb7eb57\MSVCP90.dll
0x75370000 - 0x75413000 	C:\Windows\WinSxS\x86_microsoft.vc90.crt_1fc8b3b9a1e18e3b_9.0.30729.6161_none_50934f2ebcb7eb57\MSVCR90.dll
0x72610000 - 0x72641000 	C:\Windows\system32\EhStorShell.dll
0x774c0000 - 0x7765d000 	C:\Windows\syswow64\SETUPAPI.dll
0x77300000 - 0x77327000 	C:\Windows\syswow64\CFGMGR32.dll
0x76a40000 - 0x76a52000 	C:\Windows\syswow64\DEVOBJ.dll
0x6dd40000 - 0x6de35000 	C:\Windows\system32\PROPSYS.dll
0x64010000 - 0x64416000 	C:\PROGRA~2\MICROS~2\Office14\GROOVEEX.DLL
0x72660000 - 0x7268b000 	C:\Windows\WinSxS\x86_microsoft.vc90.atl_1fc8b3b9a1e18e3b_9.0.30729.6161_none_51cd0a7abbe4e19b\ATL90.DLL
0x63bf0000 - 0x6400a000 	C:\PROGRA~2\COMMON~1\MICROS~1\OFFICE14\Cultures\office.odf
0x63380000 - 0x63be5000 	C:\PROGRA~2\MICROS~2\Office14\1033\GrooveIntlResource.dll
0x70d00000 - 0x70d70000 	C:\Windows\system32\ntshrui.dll
0x740f0000 - 0x74109000 	C:\Windows\system32\srvcli.dll
0x73d90000 - 0x73d9b000 	C:\Windows\system32\cscapi.dll
0x729f0000 - 0x729fa000 	C:\Windows\system32\slc.dll
0x73610000 - 0x73616000 	C:\Windows\system32\IconCodecService.dll

VM Arguments:
jvm_args: -Dfile.encoding=Cp1252 
java_command: pack.GUI
Launcher Type: SUN_STANDARD

Environment Variables:
JAVA_HOME=C:\Program Files\Java\jdk1.7.0_25
CLASSPATH=.;C:\Program Files (x86)\Java\jre7\lib\ext\QTJava.zip
PATH=C:/Users/Tapan108/Documents/University Related/Second Year/First Semester/eclipse/jre/bin/client;C:/Users/Tapan108/Documents/University Related/Second Year/First Semester/eclipse/jre/bin;C:/Users/Tapan108/Documents/University Related/Second Year/First Semester/eclipse/jre/lib/i386;C:\Program Files (x86)\iis express\PHP\v5.3;C:\WinAVR-20100110\bin;C:\WinAVR-20100110\utils\bin;C:\Program Files\Common Files\Microsoft Shared\Windows Live;C:\Program Files (x86)\Common Files\Microsoft Shared\Windows Live;C:\Program Files (x86)\MiKTeX 2.9\miktex\bin;C:\Windows\system32;C:\Windows;C:\Windows\System32\Wbem;C:\Windows\System32\WindowsPowerShell\v1.0\;c:\Program Files (x86)\Microsoft SQL Server\100\Tools\Binn\;c:\Program Files (x86)\Microsoft SQL Server\100\DTS\Binn\;C:\Program Files (x86)\QuickTime\QTSystem\;C:\Program Files (x86)\Windows Live\Shared;C:\Program Files\PostgreSQL\9.2\bin;C:\Propel\generator\bin;C:\phing-2.4.12\bin;C:\Program Files (x86)\Bitvise SSH Client;C:\Program Files\Microsoft\Web Platform Installer\;C:\Sun\SDK\bin;C:\Program Files (x86)\Java\jdk1.7.0\bin;C:\Program Files\Microsoft SQL Server\110\Tools\Binn\;C:\Sun\SDK\bin;C:\Program Files (x86)\Java\jdk1.7.0\bin;C:\Users\Tapan108\Documents\University Related\Second Year\First Semester\eclipse;
USERNAME=Tapan108
OS=Windows_NT
PROCESSOR_IDENTIFIER=Intel64 Family 6 Model 37 Stepping 5, GenuineIntel



---------------  S Y S T E M  ---------------

OS: Windows 7 , 64 bit Build 7601 Service Pack 1

CPU:total 4 (2 cores per cpu, 2 threads per core) family 6 model 37 stepping 5, cmov, cx8, fxsr, mmx, sse, sse2, sse3, ssse3, sse4.1, sse4.2, popcnt, ht

Memory: 4k page, physical 3856240k(913332k free), swap 7710616k(2942856k free)

vm_info: Java HotSpot(TM) Client VM (21.0-b17) for windows-x86 JRE (1.7.0-b147), built on Jun 27 2011 02:25:52 by "java_re" with unknown MS VC++:1600

time: Sat Dec 14 00:09:30 2013
elapsed time: 28 seconds

