#
# A fatal error has been detected by the Java Runtime Environment:
#
#  EXCEPTION_ACCESS_VIOLATION (0xc0000005) at pc=0x6f697461, pid=4768, tid=1724
#
# JRE version: 7.0-b147
# Java VM: Java HotSpot(TM) Client VM (21.0-b17 mixed mode windows-x86 )
# Problematic frame:
# C  0x6f697461
#
# Failed to write core dump. Minidumps are not enabled by default on client versions of Windows
#
# If you would like to submit a bug report, please visit:
#   http://bugreport.sun.com/bugreport/crash.jsp
# The crash happened outside the Java Virtual Machine in native code.
# See problematic frame for where to report the bug.
#

---------------  T H R E A D  ---------------

Current thread (0x19806800):  JavaThread "Thread-3" [_thread_in_native, id=1724, stack(0x1a370000,0x1a3c0000)]

siginfo: ExceptionCode=0xc0000005, ExceptionInformation=0x00000008 0x6f697461

Registers:
EAX=0x6120726f, EBX=0x6af11ee0, ECX=0x75ba74ef, EDX=0x6120726f
ESP=0x1a3bf120, EBP=0x63696c70, ESI=0x1376dff8, EDI=0x19806800
EIP=0x6f697461, EFLAGS=0x00010212

Top of Stack: (sp=0x1a3bf120)
0x1a3bf120:   6572206e 73657571 0a0d2e74 0000000a
0x1a3bf130:   1a3bf070 778d4cac 77a6184a 00000418
0x1a3bf140:   0000039c 00000000 778d491c 75ba6ac4
0x1a3bf150:   0000039c 00000000 1a3bf178 77a61888
0x1a3bf160:   0000039c 19806800 1376dff8 6af11ee0
0x1a3bf170:   00000000 00000004 1a3bf3f8 17995169
0x1a3bf180:   00000418 1a3bf3f4 19806800 197fbc40
0x1a3bf190:   177eef38 177eef5c 177ef32c 1a3bf7e8 

Instructions: (pc=0x6f697461)
0x6f697441:   
[error occurred during error reporting (printing registers, top of stack, instructions near pc), id 0xc0000005]

Register to memory mapping:

EAX=0x6120726f is an unknown value
EBX=0x6af11ee0 is an unknown value
ECX=0x75ba74ef is an unknown value
EDX=0x6120726f is an unknown value
ESP=0x1a3bf120 is pointing into the stack for thread: 0x19806800
EBP=0x63696c70 is an unknown value
ESI=0x1376dff8 is an oop
{method} 
 - klass: {other class}
EDI=0x19806800 is a thread


Stack: [0x1a370000,0x1a3c0000],  sp=0x1a3bf120,  free space=316k
Native frames: (J=compiled Java code, j=interpreted, Vv=VM code, C=native code)
C  0x6f697461

[error occurred during error reporting (printing native stack), id 0xc0000005]

Java frames: (J=compiled Java code, j=interpreted, Vv=VM code)
j  gnu.io.RXTXPort.eventLoop()V+0
j  gnu.io.RXTXPort$MonitorThread.run()V+12
v  ~StubRoutines::call_stub

---------------  P R O C E S S  ---------------

Java Threads: ( => current thread )
=>0x19806800 JavaThread "Thread-3" [_thread_in_native, id=1724, stack(0x1a370000,0x1a3c0000)]
  0x197fb400 JavaThread "TimerQueue" daemon [_thread_blocked, id=4312, stack(0x1af30000,0x1af80000)]
  0x197f2400 JavaThread "D3D Screen Updater" daemon [_thread_blocked, id=4576, stack(0x1a860000,0x1a8b0000)]
  0x01182400 JavaThread "DestroyJavaVM" [_thread_blocked, id=3484, stack(0x01360000,0x013b0000)]
  0x17926c00 JavaThread "AWT-EventQueue-0" [_thread_blocked, id=4560, stack(0x17ed0000,0x17f20000)]
  0x178b9c00 JavaThread "AWT-Windows" daemon [_thread_in_native, id=2304, stack(0x17cf0000,0x17d40000)]
  0x178b9400 JavaThread "AWT-Shutdown" [_thread_blocked, id=5992, stack(0x17ad0000,0x17b20000)]
  0x178b6800 JavaThread "Java2D Disposer" daemon [_thread_blocked, id=3384, stack(0x17c70000,0x17cc0000)]
  0x177ea400 JavaThread "Service Thread" daemon [_thread_blocked, id=4164, stack(0x174d0000,0x17520000)]
  0x177dc400 JavaThread "C1 CompilerThread0" daemon [_thread_blocked, id=4276, stack(0x176b0000,0x17700000)]
  0x177db000 JavaThread "Attach Listener" daemon [_thread_blocked, id=2704, stack(0x17a10000,0x17a60000)]
  0x177d8000 JavaThread "Signal Dispatcher" daemon [_thread_blocked, id=5212, stack(0x17470000,0x174c0000)]
  0x01273800 JavaThread "Finalizer" daemon [_thread_blocked, id=4476, stack(0x17740000,0x17790000)]
  0x0126e400 JavaThread "Reference Handler" daemon [_thread_blocked, id=4368, stack(0x17590000,0x175e0000)]

Other Threads:
  0x01268800 VMThread [stack: 0x17520000,0x17570000] [id=4788]
  0x17805800 WatcherThread [stack: 0x17a80000,0x17ad0000] [id=4588]

VM state:not at safepoint (normal execution)

VM Mutex/Monitor currently owned by a thread: None

Heap
 def new generation   total 4928K, used 3716K [0x033b0000, 0x03900000, 0x08900000)
  eden space 4416K,  84% used [0x033b0000, 0x03751040, 0x03800000)
  from space 512K,   0% used [0x03800000, 0x03800000, 0x03880000)
  to   space 512K,   0% used [0x03880000, 0x03880000, 0x03900000)
 tenured generation   total 10944K, used 0K [0x08900000, 0x093b0000, 0x133b0000)
   the space 10944K,   0% used [0x08900000, 0x08900000, 0x08900200, 0x093b0000)
 compacting perm gen  total 12288K, used 6840K [0x133b0000, 0x13fb0000, 0x173b0000)
   the space 12288K,  55% used [0x133b0000, 0x13a5e3c0, 0x13a5e400, 0x13fb0000)
No shared spaces configured.

Code Cache  [0x013b0000, 0x01468000, 0x033b0000)
 total_blobs=425 nmethods=201 adapters=157 free_code_cache=32055Kb largest_free_block=32824640

Dynamic libraries:
0x00130000 - 0x0015f000 	C:\Program Files\Java\jre7\bin\javaw.exe
0x77890000 - 0x779cc000 	C:\Windows\SYSTEM32\ntdll.dll
0x779d0000 - 0x77aa4000 	C:\Windows\system32\kernel32.dll
0x75ba0000 - 0x75bea000 	C:\Windows\system32\KERNELBASE.dll
0x76380000 - 0x76420000 	C:\Windows\system32\ADVAPI32.dll
0x76460000 - 0x7650c000 	C:\Windows\system32\msvcrt.dll
0x76090000 - 0x760a9000 	C:\Windows\SYSTEM32\sechost.dll
0x75eb0000 - 0x75f51000 	C:\Windows\system32\RPCRT4.dll
0x762b0000 - 0x76379000 	C:\Windows\system32\USER32.dll
0x75f60000 - 0x75fae000 	C:\Windows\system32\GDI32.dll
0x765a0000 - 0x765aa000 	C:\Windows\system32\LPK.dll
0x76740000 - 0x767dd000 	C:\Windows\system32\USP10.dll
0x74a80000 - 0x74c1e000 	C:\Windows\WinSxS\x86_microsoft.windows.common-controls_6595b64144ccf1df_6.0.7600.16385_none_421189da2b7fabfc\COMCTL32.dll
0x75fb0000 - 0x76007000 	C:\Windows\system32\SHLWAPI.dll
0x76720000 - 0x7673f000 	C:\Windows\system32\IMM32.DLL
0x765b0000 - 0x7667c000 	C:\Windows\system32\MSCTF.dll
0x6cef0000 - 0x6cfae000 	C:\Program Files\Java\jre7\bin\msvcr100.dll
0x6ae70000 - 0x6b191000 	C:\Program Files\Java\jre7\bin\client\jvm.dll
0x73830000 - 0x73837000 	C:\Windows\system32\WSOCK32.dll
0x76420000 - 0x76455000 	C:\Windows\system32\WS2_32.dll
0x77ab0000 - 0x77ab6000 	C:\Windows\system32\NSI.dll
0x71fa0000 - 0x71fd2000 	C:\Windows\system32\WINMM.dll
0x76680000 - 0x76685000 	C:\Windows\system32\PSAPI.DLL
0x73820000 - 0x7382c000 	C:\Program Files\Java\jre7\bin\verify.dll
0x70850000 - 0x70870000 	C:\Program Files\Java\jre7\bin\java.dll
0x707f0000 - 0x70803000 	C:\Program Files\Java\jre7\bin\zip.dll
0x6bb20000 - 0x6bc62000 	C:\Program Files\Java\jre7\bin\awt.dll
0x76510000 - 0x7659f000 	C:\Windows\system32\OLEAUT32.dll
0x77730000 - 0x7788c000 	C:\Windows\system32\ole32.dll
0x743e0000 - 0x743f3000 	C:\Windows\system32\DWMAPI.DLL
0x746d0000 - 0x74710000 	C:\Windows\system32\uxtheme.dll
0x75930000 - 0x7593c000 	C:\Windows\system32\CRYPTBASE.dll
0x6b630000 - 0x6b7f3000 	C:\Windows\system32\d3d9.dll
0x74ee0000 - 0x74ee9000 	C:\Windows\system32\VERSION.dll
0x707c0000 - 0x707c6000 	C:\Windows\system32\d3d8thk.dll
0x71ea0000 - 0x71ebd000 	C:\Windows\system32\prl_umdd.dll
0x76ae0000 - 0x77729000 	C:\Windows\system32\SHELL32.dll
0x17990000 - 0x179a2000 	C:\Program Files\Java\jre7\bin\rxtxSerial.dll
0x6c240000 - 0x6c267000 	C:\Windows\system32\crtdll.dll
0x6cec0000 - 0x6ceea000 	C:\Program Files\Java\jre7\bin\fontmanager.dll
0x6e7d0000 - 0x6e7e4000 	C:\Program Files\Java\jre7\bin\net.dll
0x75420000 - 0x7545c000 	C:\Windows\system32\mswsock.dll
0x75410000 - 0x75416000 	C:\Windows\System32\wship6.dll
0x73810000 - 0x7381f000 	C:\Program Files\Java\jre7\bin\nio.dll
0x6d350000 - 0x6d381000 	C:\Program Files\Java\jre7\bin\t2k.dll
0x76690000 - 0x76713000 	C:\Windows\system32\CLBCatQ.DLL
0x73f40000 - 0x7403b000 	C:\Windows\system32\WindowsCodecs.dll
0x758e0000 - 0x7592b000 	C:\Windows\system32\apphelp.dll
0x71ec0000 - 0x71ed2000 	C:\Program Files\Common Files\TortoiseOverlays\TortoiseOverlays.dll
0x71ee0000 - 0x71eed000 	C:\Program Files\TortoiseSVN\bin\TortoiseStub32.dll
0x71da0000 - 0x71e0c000 	C:\Program Files\TortoiseSVN\bin\TortoiseSVN32.dll
0x767f0000 - 0x768e4000 	C:\Windows\system32\WININET.dll
0x767e0000 - 0x767e3000 	C:\Windows\system32\Normaliz.dll
0x769a0000 - 0x76ad5000 	C:\Windows\system32\urlmon.dll
0x75a60000 - 0x75b7c000 	C:\Windows\system32\CRYPT32.dll
0x75a50000 - 0x75a5c000 	C:\Windows\system32\MSASN1.dll
0x760b0000 - 0x762a9000 	C:\Windows\system32\iertutil.dll
0x719f0000 - 0x71ce5000 	C:\Program Files\TortoiseSVN\bin\libsvn_tsvn32.dll
0x71e70000 - 0x71e94000 	C:\Program Files\TortoiseSVN\bin\libapr_tsvn32.dll
0x71e30000 - 0x71e66000 	C:\Program Files\TortoiseSVN\bin\libaprutil_tsvn32.dll
0x768f0000 - 0x76935000 	C:\Windows\system32\WLDAP32.dll
0x71e20000 - 0x71e2d000 	C:\Program Files\TortoiseSVN\bin\intl3_tsvn32.dll
0x718d0000 - 0x718e3000 	C:\Program Files\TortoiseSVN\bin\libsasl32.dll
0x756e0000 - 0x756e8000 	C:\Windows\system32\Secur32.dll
0x758b0000 - 0x758ca000 	C:\Windows\system32\SSPICLI.DLL
0x71860000 - 0x718c9000 	C:\Windows\system32\MSVCP100.dll
0x71430000 - 0x715bc000 	C:\Program Files\TortoiseSVN\bin\crshhndl.dll
0x717c0000 - 0x717f1000 	C:\Windows\system32\EhStorShell.dll
0x75ce0000 - 0x75e7d000 	C:\Windows\system32\SETUPAPI.dll
0x75cb0000 - 0x75cd7000 	C:\Windows\system32\CFGMGR32.dll
0x75b80000 - 0x75b92000 	C:\Windows\system32\DEVOBJ.dll
0x74780000 - 0x74875000 	C:\Windows\system32\PROPSYS.dll
0x71750000 - 0x717ba000 	C:\Windows\System32\cscui.dll
0x71740000 - 0x71749000 	C:\Windows\System32\CSCDLL.dll
0x71730000 - 0x7173b000 	C:\Windows\system32\CSCAPI.dll
0x19f20000 - 0x19f6f000 	C:\Program Files\Parallels\Parallels Tools\ShellExtentions\PrlToolsShellExt.dll
0x72550000 - 0x72562000 	C:\Windows\system32\MPR.dll
0x69510000 - 0x695fb000 	C:\Windows\system32\dbghelp.dll

VM Arguments:
jvm_args: -Dfile.encoding=Cp1252 
java_command: pack.GUI
Launcher Type: SUN_STANDARD

Environment Variables:
PATH=C:/Program Files/Java/jre7/bin/client;C:/Program Files/Java/jre7/bin;C:/Program Files/Java/jre7/lib/i386;C:\WinAVR-20100110\bin;C:\WinAVR-20100110\utils\bin;C:\Program Files\Parallels\Parallels Tools\Applications;C:\Windows\system32;C:\Windows;C:\Windows\System32\Wbem;C:\Windows\System32\WindowsPowerShell\v1.0\;c:\Program Files\Microsoft SQL Server\100\Tools\Binn\;c:\Program Files\Microsoft SQL Server\100\DTS\Binn\;C:\Program Files\TortoiseSVN\bin;C:\Users\Administrator\Desktop\eclipse-jee-juno-SR1-win32\eclipse;
USERNAME=Administrator
OS=Windows_NT
PROCESSOR_IDENTIFIER=x86 Family 6 Model 42 Stepping 7, GenuineIntel



---------------  S Y S T E M  ---------------

OS: Windows 7 Build 7600 

CPU:total 1 (1 cores per cpu, 1 threads per core) family 6 model 42 stepping 7, cmov, cx8, fxsr, mmx, sse, sse2, sse3, ssse3, sse4.1, sse4.2, popcnt

Memory: 4k page, physical 1048120k(138240k free), swap 2096696k(449220k free)

vm_info: Java HotSpot(TM) Client VM (21.0-b17) for windows-x86 JRE (1.7.0-b147), built on Jun 27 2011 02:25:52 by "java_re" with unknown MS VC++:1600

time: Wed Nov 28 04:06:35 2012
elapsed time: 37 seconds

