#
# A fatal error has been detected by the Java Runtime Environment:
#
#  EXCEPTION_ACCESS_VIOLATION (0xc0000005) at pc=0x6f697461, pid=3084, tid=600
#
# JRE version: 7.0-b147
# Java VM: Java HotSpot(TM) Client VM (21.0-b17 mixed mode, sharing windows-x86 )
# Problematic frame:
# C  0x6f697461
#
# Failed to write core dump. Minidumps are not enabled by default on client versions of Windows
#
# If you would like to submit a bug report, please visit:
#   http://bugreport.sun.com/bugreport/crash.jsp
# The crash happened outside the Java Virtual Machine in native code.
# See problematic frame for where to report the bug.
#

---------------  T H R E A D  ---------------

Current thread (0x04ac0000):  JavaThread "Thread-3" [_thread_in_native, id=600, stack(0x075b0000,0x07600000)]

siginfo: ExceptionCode=0xc0000005, reading address 0x6f697461

Registers:
EAX=0x6120726f, EBX=0x68e31ee0, ECX=0x75e45494, EDX=0x6120726f
ESP=0x075ff400, EBP=0x63696c70, ESI=0x34805868, EDI=0x04ac0000
EIP=0x6f697461, EFLAGS=0x00010216

Top of Stack: (sp=0x075ff400)
0x075ff400:   6572206e 73657571 0a0d2e74 0000000a
0x075ff410:   b3ad0000 778bf921 75886cc2 000003e8
0x075ff420:   0000041c 00000000 778bf9f2 75e3c455
0x075ff430:   0000041c 00000000 075ff458 75886d00
0x075ff440:   0000041c 04ac0000 34805868 68e31ee0
0x075ff450:   00000000 00000004 075ff6d8 10005169
0x075ff460:   000003e8 075ff6d4 075ff6e8 10005169
0x075ff470:   000003e8 075ff6e4 00000000 00000000 

Instructions: (pc=0x6f697461)
0x6f697441:   
[error occurred during error reporting (printing registers, top of stack, instructions near pc), id 0xc0000005]

Register to memory mapping:

EAX=0x6120726f is an unknown value
EBX=0x68e31ee0 is an unknown value
ECX=0x75e45494 is an unknown value
EDX=0x6120726f is an unknown value
ESP=0x075ff400 is pointing into the stack for thread: 0x04ac0000
EBP=0x63696c70 is an unknown value
ESI=0x34805868 is an oop
{method} 
 - klass: {other class}
EDI=0x04ac0000 is a thread


Stack: [0x075b0000,0x07600000],  sp=0x075ff400,  free space=317k
Native frames: (J=compiled Java code, j=interpreted, Vv=VM code, C=native code)
C  0x6f697461

[error occurred during error reporting (printing native stack), id 0xc0000005]

Java frames: (J=compiled Java code, j=interpreted, Vv=VM code)
j  gnu.io.RXTXPort.eventLoop()V+0
j  gnu.io.RXTXPort$MonitorThread.run()V+12
v  ~StubRoutines::call_stub

---------------  P R O C E S S  ---------------

Java Threads: ( => current thread )
=>0x04ac0000 JavaThread "Thread-3" [_thread_in_native, id=600, stack(0x075b0000,0x07600000)]
  0x04ab2800 JavaThread "TimerQueue" daemon [_thread_blocked, id=3320, stack(0x07450000,0x074a0000)]
  0x008ce800 JavaThread "DestroyJavaVM" [_thread_blocked, id=3400, stack(0x00860000,0x008b0000)]
  0x04a52800 JavaThread "AWT-EventQueue-0" [_thread_blocked, id=3872, stack(0x04dd0000,0x04e20000)]
  0x04a04800 JavaThread "AWT-Windows" daemon [_thread_in_native, id=3572, stack(0x04e60000,0x04eb0000)]
  0x04a03c00 JavaThread "AWT-Shutdown" [_thread_blocked, id=4252, stack(0x04cf0000,0x04d40000)]
  0x04a01400 JavaThread "Java2D Disposer" daemon [_thread_blocked, id=1864, stack(0x04730000,0x04780000)]
  0x0098a400 JavaThread "Service Thread" daemon [_thread_blocked, id=3372, stack(0x04980000,0x049d0000)]
  0x0097cc00 JavaThread "C1 CompilerThread0" daemon [_thread_blocked, id=3716, stack(0x04860000,0x048b0000)]
  0x0097b800 JavaThread "Attach Listener" daemon [_thread_blocked, id=4548, stack(0x01140000,0x01190000)]
  0x00978800 JavaThread "Signal Dispatcher" daemon [_thread_blocked, id=4484, stack(0x04610000,0x04660000)]
  0x0096d400 JavaThread "Finalizer" daemon [_thread_blocked, id=3612, stack(0x04660000,0x046b0000)]
  0x00968400 JavaThread "Reference Handler" daemon [_thread_blocked, id=3732, stack(0x01070000,0x010c0000)]

Other Threads:
  0x00966400 VMThread [stack: 0x00f10000,0x00f60000] [id=2148]
  0x0099bc00 WatcherThread [stack: 0x048f0000,0x04940000] [id=3172]

VM state:not at safepoint (normal execution)

VM Mutex/Monitor currently owned by a thread: None

Heap
 def new generation   total 4928K, used 781K [0x247a0000, 0x24cf0000, 0x29cf0000)
  eden space 4416K,   6% used [0x247a0000, 0x247e36a8, 0x24bf0000)
  from space 512K, 100% used [0x24c70000, 0x24cf0000, 0x24cf0000)
  to   space 512K,   0% used [0x24bf0000, 0x24bf0000, 0x24c70000)
 tenured generation   total 10944K, used 2036K [0x29cf0000, 0x2a7a0000, 0x347a0000)
   the space 10944K,  18% used [0x29cf0000, 0x29eed328, 0x29eed400, 0x2a7a0000)
 compacting perm gen  total 12288K, used 986K [0x347a0000, 0x353a0000, 0x387a0000)
   the space 12288K,   8% used [0x347a0000, 0x34896820, 0x34896a00, 0x353a0000)
    ro space 10240K,  42% used [0x387a0000, 0x38bdc660, 0x38bdc800, 0x391a0000)
    rw space 12288K,  53% used [0x391a0000, 0x39818180, 0x39818200, 0x39da0000)

Code Cache  [0x025d0000, 0x02680000, 0x045d0000)
 total_blobs=366 nmethods=149 adapters=150 free_code_cache=32084Kb largest_free_block=32854784

Dynamic libraries:
0x011a0000 - 0x011cf000 	C:\Users\Tapan108\Documents\University Related\Second Year\First Semester\eclipse\jre\bin\javaw.exe
0x778a0000 - 0x77a20000 	C:\Windows\SysWOW64\ntdll.dll
0x757f0000 - 0x75900000 	C:\Windows\syswow64\kernel32.dll
0x75e30000 - 0x75e77000 	C:\Windows\syswow64\KERNELBASE.dll
0x764f0000 - 0x76590000 	C:\Windows\syswow64\ADVAPI32.dll
0x75a80000 - 0x75b2c000 	C:\Windows\syswow64\msvcrt.dll
0x75e80000 - 0x75e99000 	C:\Windows\SysWOW64\sechost.dll
0x75ea0000 - 0x75f90000 	C:\Windows\syswow64\RPCRT4.dll
0x752f0000 - 0x75350000 	C:\Windows\syswow64\SspiCli.dll
0x752e0000 - 0x752ec000 	C:\Windows\syswow64\CRYPTBASE.dll
0x75f90000 - 0x76090000 	C:\Windows\syswow64\USER32.dll
0x76460000 - 0x764f0000 	C:\Windows\syswow64\GDI32.dll
0x75b30000 - 0x75b3a000 	C:\Windows\syswow64\LPK.dll
0x75d90000 - 0x75e2d000 	C:\Windows\syswow64\USP10.dll
0x74cd0000 - 0x74e6e000 	C:\Windows\WinSxS\x86_microsoft.windows.common-controls_6595b64144ccf1df_6.0.7601.17514_none_41e6975e2bd6f2b2\COMCTL32.dll
0x763a0000 - 0x763f7000 	C:\Windows\syswow64\SHLWAPI.dll
0x76400000 - 0x76460000 	C:\Windows\system32\IMM32.DLL
0x76590000 - 0x7665c000 	C:\Windows\syswow64\MSCTF.dll
0x632b0000 - 0x6336e000 	C:\Users\Tapan108\Documents\University Related\Second Year\First Semester\eclipse\jre\bin\msvcr100.dll
0x68d90000 - 0x690b1000 	C:\Users\Tapan108\Documents\University Related\Second Year\First Semester\eclipse\jre\bin\client\jvm.dll
0x73970000 - 0x73977000 	C:\Windows\system32\WSOCK32.dll
0x757b0000 - 0x757e5000 	C:\Windows\syswow64\WS2_32.dll
0x75670000 - 0x75676000 	C:\Windows\syswow64\NSI.dll
0x73900000 - 0x73932000 	C:\Windows\system32\WINMM.dll
0x75d80000 - 0x75d85000 	C:\Windows\syswow64\PSAPI.DLL
0x69320000 - 0x6932c000 	C:\Users\Tapan108\Documents\University Related\Second Year\First Semester\eclipse\jre\bin\verify.dll
0x69300000 - 0x69320000 	C:\Users\Tapan108\Documents\University Related\Second Year\First Semester\eclipse\jre\bin\java.dll
0x692e0000 - 0x692f3000 	C:\Users\Tapan108\Documents\University Related\Second Year\First Semester\eclipse\jre\bin\zip.dll
0x61d20000 - 0x61e62000 	C:\Users\Tapan108\Documents\University Related\Second Year\First Semester\eclipse\jre\bin\awt.dll
0x75940000 - 0x759cf000 	C:\Windows\syswow64\OLEAUT32.dll
0x75500000 - 0x7565c000 	C:\Windows\syswow64\ole32.dll
0x71720000 - 0x71733000 	C:\Windows\system32\DWMAPI.DLL
0x71740000 - 0x717c0000 	C:\Windows\system32\uxtheme.dll
0x76660000 - 0x772aa000 	C:\Windows\syswow64\SHELL32.dll
0x10000000 - 0x10012000 	C:\Users\Tapan108\Documents\University Related\Second Year\First Semester\eclipse\jre\bin\rxtxSerial.dll
0x6c240000 - 0x6c267000 	C:\Windows\system32\crtdll.dll
0x6bd80000 - 0x6bdaa000 	C:\Users\Tapan108\Documents\University Related\Second Year\First Semester\eclipse\jre\bin\fontmanager.dll
0x692c0000 - 0x692d4000 	C:\Users\Tapan108\Documents\University Related\Second Year\First Semester\eclipse\jre\bin\net.dll
0x735c0000 - 0x735fc000 	C:\Windows\system32\mswsock.dll
0x73d70000 - 0x73d76000 	C:\Windows\System32\wship6.dll
0x70c60000 - 0x70c6f000 	C:\Users\Tapan108\Documents\University Related\Second Year\First Semester\eclipse\jre\bin\nio.dll
0x70c90000 - 0x70cc1000 	C:\Users\Tapan108\Documents\University Related\Second Year\First Semester\eclipse\jre\bin\t2k.dll
0x75400000 - 0x75483000 	C:\Windows\syswow64\CLBCatQ.DLL
0x71070000 - 0x711a0000 	C:\Windows\system32\WindowsCodecs.dll
0x727d0000 - 0x7281c000 	C:\Windows\system32\apphelp.dll
0x045d0000 - 0x045f2000 	C:\Users\Tapan108\AppData\Roaming\Dropbox\bin\DropboxExt.19.dll
0x73eb0000 - 0x73f9b000 	C:\Windows\system32\dbghelp.dll
0x720b0000 - 0x7213e000 	C:\Windows\WinSxS\x86_microsoft.vc90.crt_1fc8b3b9a1e18e3b_9.0.30729.6161_none_50934f2ebcb7eb57\MSVCP90.dll
0x73bf0000 - 0x73c93000 	C:\Windows\WinSxS\x86_microsoft.vc90.crt_1fc8b3b9a1e18e3b_9.0.30729.6161_none_50934f2ebcb7eb57\MSVCR90.dll
0x74080000 - 0x740b1000 	C:\Windows\system32\EhStorShell.dll
0x761b0000 - 0x7634d000 	C:\Windows\syswow64\SETUPAPI.dll
0x77470000 - 0x77497000 	C:\Windows\syswow64\CFGMGR32.dll
0x75350000 - 0x75362000 	C:\Windows\syswow64\DEVOBJ.dll
0x711a0000 - 0x71295000 	C:\Windows\system32\PROPSYS.dll
0x70850000 - 0x70c56000 	C:\PROGRA~2\MICROS~2\Office14\GROOVEEX.DLL
0x74540000 - 0x7456b000 	C:\Windows\WinSxS\x86_microsoft.vc90.atl_1fc8b3b9a1e18e3b_9.0.30729.6161_none_51cd0a7abbe4e19b\ATL90.DLL
0x70430000 - 0x7084a000 	C:\PROGRA~2\COMMON~1\MICROS~1\OFFICE14\Cultures\office.odf
0x6fbc0000 - 0x70425000 	C:\PROGRA~2\MICROS~2\Office14\1033\GrooveIntlResource.dll
0x73d80000 - 0x73df0000 	C:\Windows\system32\ntshrui.dll
0x72890000 - 0x728a9000 	C:\Windows\system32\srvcli.dll
0x72530000 - 0x7253b000 	C:\Windows\system32\cscapi.dll
0x74530000 - 0x7453a000 	C:\Windows\system32\slc.dll
0x74520000 - 0x74526000 	C:\Windows\system32\IconCodecService.dll

VM Arguments:
jvm_args: -Dfile.encoding=Cp1252 
java_command: pack.GUI
Launcher Type: SUN_STANDARD

Environment Variables:
JAVA_HOME=C:\Program Files\Java\jdk1.7.0_25
CLASSPATH=.;C:\Program Files (x86)\Java\jre7\lib\ext\QTJava.zip
PATH=C:/Users/Tapan108/Documents/University Related/Second Year/First Semester/eclipse/jre/bin/client;C:/Users/Tapan108/Documents/University Related/Second Year/First Semester/eclipse/jre/bin;C:/Users/Tapan108/Documents/University Related/Second Year/First Semester/eclipse/jre/lib/i386;C:\Program Files (x86)\iis express\PHP\v5.3;C:\WinAVR-20100110\bin;C:\WinAVR-20100110\utils\bin;C:\Program Files\Common Files\Microsoft Shared\Windows Live;C:\Program Files (x86)\Common Files\Microsoft Shared\Windows Live;C:\Program Files (x86)\MiKTeX 2.9\miktex\bin;C:\Windows\system32;C:\Windows;C:\Windows\System32\Wbem;C:\Windows\System32\WindowsPowerShell\v1.0\;c:\Program Files (x86)\Microsoft SQL Server\100\Tools\Binn\;c:\Program Files (x86)\Microsoft SQL Server\100\DTS\Binn\;C:\Program Files (x86)\QuickTime\QTSystem\;C:\Program Files (x86)\Windows Live\Shared;C:\Program Files\PostgreSQL\9.2\bin;C:\Propel\generator\bin;C:\phing-2.4.12\bin;C:\Program Files (x86)\Bitvise SSH Client;C:\Program Files\Microsoft\Web Platform Installer\;C:\Sun\SDK\bin;C:\Program Files (x86)\Java\jdk1.7.0\bin;C:\Program Files\Microsoft SQL Server\110\Tools\Binn\;C:\Sun\SDK\bin;C:\Program Files (x86)\Java\jdk1.7.0\bin;C:\Users\Tapan108\Documents\University Related\Second Year\First Semester\eclipse;
USERNAME=Tapan108
OS=Windows_NT
PROCESSOR_IDENTIFIER=Intel64 Family 6 Model 37 Stepping 5, GenuineIntel



---------------  S Y S T E M  ---------------

OS: Windows 7 , 64 bit Build 7601 Service Pack 1

CPU:total 4 (2 cores per cpu, 2 threads per core) family 6 model 37 stepping 5, cmov, cx8, fxsr, mmx, sse, sse2, sse3, ssse3, sse4.1, sse4.2, popcnt, ht

Memory: 4k page, physical 3856240k(2019020k free), swap 7710616k(5587932k free)

vm_info: Java HotSpot(TM) Client VM (21.0-b17) for windows-x86 JRE (1.7.0-b147), built on Jun 27 2011 02:25:52 by "java_re" with unknown MS VC++:1600

time: Sat Dec 14 18:12:23 2013
elapsed time: 14 seconds

